0 info it worked if it ends with ok
1 verbose cli [ '/usr/local/bin/node', '/usr/local/bin/npm', 'i', '-g', 'bower' ]
2 info using npm@3.10.10
3 info using node@v6.11.2
4 silly loadCurrentTree Starting
5 silly install loadCurrentTree
6 silly install readGlobalPackageData
7 silly fetchPackageMetaData bower
8 silly fetchNamedPackageData bower
9 silly mapToRegistry name bower
10 silly mapToRegistry using default registry
11 silly mapToRegistry registry https://registry.npmjs.org/
12 silly mapToRegistry data Result {
12 silly mapToRegistry   raw: 'bower',
12 silly mapToRegistry   scope: null,
12 silly mapToRegistry   escapedName: 'bower',
12 silly mapToRegistry   name: 'bower',
12 silly mapToRegistry   rawSpec: '',
12 silly mapToRegistry   spec: 'latest',
12 silly mapToRegistry   type: 'tag' }
13 silly mapToRegistry uri https://registry.npmjs.org/bower
14 verbose request uri https://registry.npmjs.org/bower
15 verbose request no auth needed
16 info attempt registry request try #1 at 5:20:53 PM
17 verbose request id 58989e58604018cc
18 verbose etag W/"599cffbe-31fa3"
19 verbose lastModified Wed, 23 Aug 2017 04:08:30 GMT
20 http request GET https://registry.npmjs.org/bower
21 http 200 https://registry.npmjs.org/bower
22 verbose headers { server: 'nginx/1.10.1',
22 verbose headers   'content-type': 'application/json',
22 verbose headers   'last-modified': 'Mon, 18 Sep 2017 18:11:16 GMT',
22 verbose headers   etag: 'W/"59c00c44-329c7"',
22 verbose headers   'content-encoding': 'gzip',
22 verbose headers   'cache-control': 'max-age=300',
22 verbose headers   'content-length': '17607',
22 verbose headers   'accept-ranges': 'bytes',
22 verbose headers   date: 'Mon, 18 Sep 2017 21:20:52 GMT',
22 verbose headers   via: '1.1 varnish',
22 verbose headers   age: '148',
22 verbose headers   connection: 'keep-alive',
22 verbose headers   'x-served-by': 'cache-lax8622-LAX',
22 verbose headers   'x-cache': 'HIT',
22 verbose headers   'x-cache-hits': '1',
22 verbose headers   'x-timer': 'S1505769653.983383,VS0,VE1',
22 verbose headers   vary: 'Accept-Encoding, Accept' }
23 silly get cb [ 200,
23 silly get   { server: 'nginx/1.10.1',
23 silly get     'content-type': 'application/json',
23 silly get     'last-modified': 'Mon, 18 Sep 2017 18:11:16 GMT',
23 silly get     etag: 'W/"59c00c44-329c7"',
23 silly get     'content-encoding': 'gzip',
23 silly get     'cache-control': 'max-age=300',
23 silly get     'content-length': '17607',
23 silly get     'accept-ranges': 'bytes',
23 silly get     date: 'Mon, 18 Sep 2017 21:20:52 GMT',
23 silly get     via: '1.1 varnish',
23 silly get     age: '148',
23 silly get     connection: 'keep-alive',
23 silly get     'x-served-by': 'cache-lax8622-LAX',
23 silly get     'x-cache': 'HIT',
23 silly get     'x-cache-hits': '1',
23 silly get     'x-timer': 'S1505769653.983383,VS0,VE1',
23 silly get     vary: 'Accept-Encoding, Accept' } ]
24 verbose get saving bower to /Users/shelby/.npm/registry.npmjs.org/bower/.cache.json
25 verbose correctMkdir /Users/shelby/.npm correctMkdir not in flight; initializing
26 silly install normalizeTree
27 silly loadCurrentTree Finishing
28 silly loadIdealTree Starting
29 silly install loadIdealTree
30 silly cloneCurrentTree Starting
31 silly install cloneCurrentTreeToIdealTree
32 silly cloneCurrentTree Finishing
33 silly loadShrinkwrap Starting
34 silly install loadShrinkwrap
35 silly loadShrinkwrap Finishing
36 silly loadAllDepsIntoIdealTree Starting
37 silly install loadAllDepsIntoIdealTree
38 silly resolveWithNewModule bower@1.8.2 checking installable status
39 silly cache add args [ 'bower', null ]
40 verbose cache add spec bower
41 silly cache add parsed spec Result {
41 silly cache add   raw: 'bower',
41 silly cache add   scope: null,
41 silly cache add   escapedName: 'bower',
41 silly cache add   name: 'bower',
41 silly cache add   rawSpec: '',
41 silly cache add   spec: 'latest',
41 silly cache add   type: 'tag' }
42 silly addNamed bower@latest
43 verbose addNamed "latest" is being treated as a dist-tag for bower
44 info addNameTag [ 'bower', 'latest' ]
45 silly mapToRegistry name bower
46 silly mapToRegistry using default registry
47 silly mapToRegistry registry https://registry.npmjs.org/
48 silly mapToRegistry data Result {
48 silly mapToRegistry   raw: 'bower',
48 silly mapToRegistry   scope: null,
48 silly mapToRegistry   escapedName: 'bower',
48 silly mapToRegistry   name: 'bower',
48 silly mapToRegistry   rawSpec: '',
48 silly mapToRegistry   spec: 'latest',
48 silly mapToRegistry   type: 'tag' }
49 silly mapToRegistry uri https://registry.npmjs.org/bower
50 verbose addNameTag registry:https://registry.npmjs.org/bower not in flight; fetching
51 verbose get https://registry.npmjs.org/bower not expired, no request
52 silly addNameTag next cb for bower with tag latest
53 silly addNamed bower@1.8.2
54 verbose addNamed "1.8.2" is a plain semver version for bower
55 silly mapToRegistry name bower
56 silly mapToRegistry using default registry
57 silly mapToRegistry registry https://registry.npmjs.org/
58 silly mapToRegistry data Result {
58 silly mapToRegistry   raw: 'bower',
58 silly mapToRegistry   scope: null,
58 silly mapToRegistry   escapedName: 'bower',
58 silly mapToRegistry   name: 'bower',
58 silly mapToRegistry   rawSpec: '',
58 silly mapToRegistry   spec: 'latest',
58 silly mapToRegistry   type: 'tag' }
59 silly mapToRegistry uri https://registry.npmjs.org/bower
60 verbose addRemoteTarball https://registry.npmjs.org/bower/-/bower-1.8.2.tgz not in flight; adding
61 verbose addRemoteTarball [ 'https://registry.npmjs.org/bower/-/bower-1.8.2.tgz',
61 verbose addRemoteTarball   'adf53529c8d4af02ef24fb8d5341c1419d33e2f7' ]
62 info retry fetch attempt 1 at 5:20:53 PM
63 info attempt registry request try #1 at 5:20:53 PM
64 http fetch GET https://registry.npmjs.org/bower/-/bower-1.8.2.tgz
65 http fetch 200 https://registry.npmjs.org/bower/-/bower-1.8.2.tgz
66 silly fetchAndShaCheck shasum adf53529c8d4af02ef24fb8d5341c1419d33e2f7
67 verbose addTmpTarball /var/folders/6b/tn1dlf2d42b0yxn8mh4jpf2r0000gn/T/npm-9893-50f7610d/registry.npmjs.org/bower/-/bower-1.8.2.tgz not in flight; adding
68 verbose addTmpTarball already have metadata; skipping unpack for bower@1.8.2
69 verbose correctMkdir /Users/shelby/.npm correctMkdir not in flight; initializing
70 silly cache afterAdd bower@1.8.2
71 verbose afterAdd /Users/shelby/.npm/bower/1.8.2/package/package.json not in flight; writing
72 verbose correctMkdir /Users/shelby/.npm correctMkdir not in flight; initializing
73 verbose afterAdd /Users/shelby/.npm/bower/1.8.2/package/package.json written
74 silly loadAllDepsIntoIdealTree Finishing
75 silly loadIdealTree Finishing
76 silly currentTree lib
76 silly currentTree └── bower@1.8.0
77 silly idealTree lib
77 silly idealTree └── bower@1.8.2
78 silly generateActionsToTake Starting
79 silly install generateActionsToTake
80 warn checkPermissions Missing write access to /usr/local/lib/node_modules/bower
81 silly rollbackFailedOptional Starting
82 silly rollbackFailedOptional Finishing
83 silly runTopLevelLifecycles Finishing
84 silly install printInstalled
85 verbose stack Error: EACCES: permission denied, access '/usr/local/lib/node_modules/bower'
85 verbose stack     at Error (native)
86 verbose cwd /Users/shelby/Desktop/Projects/Assignment-5-master
87 error Darwin 16.7.0
88 error argv "/usr/local/bin/node" "/usr/local/bin/npm" "i" "-g" "bower"
89 error node v6.11.2
90 error npm  v3.10.10
91 error path /usr/local/lib/node_modules/bower
92 error code EACCES
93 error errno -13
94 error syscall access
95 error Error: EACCES: permission denied, access '/usr/local/lib/node_modules/bower'
95 error     at Error (native)
95 error  { Error: EACCES: permission denied, access '/usr/local/lib/node_modules/bower'
95 error     at Error (native)
95 error   errno: -13,
95 error   code: 'EACCES',
95 error   syscall: 'access',
95 error   path: '/usr/local/lib/node_modules/bower' }
96 error Please try running this command again as root/Administrator.
97 verbose exit [ -13, true ]
